{
  "Unknown Test Framework": {
    "coverage": {
    },
    "timestamp": 1677376242
  },
  "RSpec": {
    "coverage": {
      "/home/vlad/cgtrader_assignment/recipes/app/helpers/application_helper.rb": {
        "lines": [
          1,
          1,
          20,
          null,
          null
        ]
      },
      "/home/vlad/cgtrader_assignment/recipes/app/helpers/recipe_helper.rb": {
        "lines": [
          1,
          1,
          22,
          2,
          null,
          20,
          null,
          null,
          null
        ]
      },
      "/home/vlad/cgtrader_assignment/recipes/app/models/recipe.rb": {
        "lines": [
          1,
          1,
          null,
          1,
          null,
          null,
          2,
          null,
          null,
          null,
          null,
          null,
          null,
          null,
          null,
          null,
          null,
          null,
          null,
          null,
          null,
          null,
          null,
          null,
          null,
          null,
          null,
          null,
          null,
          1,
          4,
          null,
          4,
          null,
          2,
          null,
          2,
          null,
          null,
          null,
          1,
          3,
          null,
          3,
          null,
          null,
          8,
          null,
          null
        ]
      },
      "/home/vlad/cgtrader_assignment/recipes/app/models/application_record.rb": {
        "lines": [
          1,
          1,
          null
        ]
      },
      "/home/vlad/cgtrader_assignment/recipes/app/controllers/recipes_controller.rb": {
        "lines": [
          1,
          1,
          4,
          null,
          null,
          1,
          2,
          null,
          null
        ]
      },
      "/home/vlad/cgtrader_assignment/recipes/app/controllers/application_controller.rb": {
        "lines": [
          1,
          null
        ]
      }
    },
    "timestamp": 1677378279
  }
}
